<?xml version="1.0" encoding="UTF-8"?>
<testsuites name="Test Suite 1" time="19.828" tests="1" failures="0" errors="0">
   <testsuite name="Test Suite 1" tests="1" failures="0" errors="0" time="19.828" skipped="0" timestamp="2025-01-24 19:31:49" hostname="User - 192.168.0.114" id="Test Suites/Test Suite 1">
      <properties>
         <property name="deviceName" value=""/>
         <property name="devicePlatform" value=""/>
         <property name="logFolder" value="C:\\Users\\User\\git\\takeHomeAssessment\\Reports\\20250124_193147\\Test Suite 1\\20250124_193148"/>
         <property name="logFiles" value="C:\\Users\\User\\git\\takeHomeAssessment\\Reports\\20250124_193147\\Test Suite 1\\20250124_193148\\execution0.log"/>
         <property name="attachments" value=""/>
         <property name="hostName" value="User - 192.168.0.114"/>
         <property name="os" value="Windows 11 64bit"/>
         <property name="katalonVersion" value="8.6.5.208"/>
         <property name="browser" value="Firefox 119.0"/>
         <property name="hostAddress" value="192.168.0.114"/>
         <property name="sessionId" value="5298466b-615b-4b9b-b11d-35063be97a21"/>
         <property name="seleniumVersion" value="3.141.59"/>
         <property name="proxyInformation" value="ProxyInformation { proxyOption=NO_PROXY, proxyServerType=HTTP, username=, password=********, proxyServerAddress=, proxyServerPort=0, executionList=&quot;&quot;, isApplyToDesiredCapabilities=true }"/>
         <property name="platform" value="Windows 11"/>
      </properties>
      <testcase name="Test Cases/TestAutomation" time="19.709" classname="Test Cases/TestAutomation" status="PASSED">
         <system-out><![CDATA[2025-01-24 19:31:50 - [TEST_CASE][PASSED] - Test Cases/TestAutomation: Test Cases/TestAutomation

2025-01-24 19:31:50 - [TEST_STEP][PASSED] - openBrowser(null): Browser is opened with url: 'null'

2025-01-24 19:31:50 - [MESSAGE][INFO] - Starting 'Firefox' driver

2025-01-24 19:31:50 - [MESSAGE][INFO] - Action delay is set to 0 milliseconds

2025-01-24 19:31:52 - [MESSAGE][PASSED] - Browser is opened with url: 'null'

2025-01-24 19:31:52 - [TEST_STEP][PASSED] - maximizeWindow(): Current window maximized

2025-01-24 19:31:52 - [MESSAGE][PASSED] - Current window maximized

2025-01-24 19:31:52 - [TEST_STEP][PASSED] - navigateToUrl("https://www.pos.com.my/send/ratecalculator"): Navigate to 'https://www.pos.com.my/send/ratecalculator' successfully

2025-01-24 19:31:53 - [MESSAGE][PASSED] - Navigate to 'https://www.pos.com.my/send/ratecalculator' successfully

2025-01-24 19:31:53 - [TEST_STEP][PASSED] - setText(findTestObject("Object Repository/POS MALAYSIA - Rate Calculator Page/postcodeFrom_text"), "35600"): Text '35600' is set on object 'Object Repository/POS MALAYSIA - Rate Calculator Page/postcodeFrom_text'

2025-01-24 19:31:56 - [MESSAGE][PASSED] - Text '35600' is set on object 'Object Repository/POS MALAYSIA - Rate Calculator Page/postcodeFrom_text'

2025-01-24 19:31:56 - [TEST_STEP][PASSED] - Thread.sleep(2000): null

2025-01-24 19:31:58 - [TEST_STEP][PASSED] - click(findTestObject("Object Repository/POS MALAYSIA - Rate Calculator Page/countryTo_dropdown_text")): Object: 'Object Repository/POS MALAYSIA - Rate Calculator Page/countryTo_dropdown_text' is clicked on

2025-01-24 19:31:58 - [MESSAGE][PASSED] - Object: 'Object Repository/POS MALAYSIA - Rate Calculator Page/countryTo_dropdown_text' is clicked on

2025-01-24 19:31:58 - [TEST_STEP][PASSED] - setText(findTestObject("Object Repository/POS MALAYSIA - Rate Calculator Page/countryTo_dropdown_text"), "india"): Text 'india' is set on object 'Object Repository/POS MALAYSIA - Rate Calculator Page/countryTo_dropdown_text'

2025-01-24 19:31:59 - [MESSAGE][PASSED] - Text 'india' is set on object 'Object Repository/POS MALAYSIA - Rate Calculator Page/countryTo_dropdown_text'

2025-01-24 19:31:59 - [TEST_STEP][PASSED] - Thread.sleep(2000): null

2025-01-24 19:32:01 - [TEST_STEP][PASSED] - click(findTestObject("Object Repository/POS MALAYSIA - Rate Calculator Page/countryToIndia_value")): Object: 'Object Repository/POS MALAYSIA - Rate Calculator Page/countryToIndia_value' is clicked on

2025-01-24 19:32:02 - [MESSAGE][PASSED] - Object: 'Object Repository/POS MALAYSIA - Rate Calculator Page/countryToIndia_value' is clicked on

2025-01-24 19:32:02 - [TEST_STEP][PASSED] - setText(findTestObject("Object Repository/POS MALAYSIA - Rate Calculator Page/Weight_text"), "1"): Text '1' is set on object 'Object Repository/POS MALAYSIA - Rate Calculator Page/Weight_text'

2025-01-24 19:32:02 - [MESSAGE][PASSED] - Text '1' is set on object 'Object Repository/POS MALAYSIA - Rate Calculator Page/Weight_text'

2025-01-24 19:32:02 - [TEST_STEP][PASSED] - click(findTestObject("Object Repository/POS MALAYSIA - Rate Calculator Page/Calculate_button")): Object: 'Object Repository/POS MALAYSIA - Rate Calculator Page/Calculate_button' is clicked on

2025-01-24 19:32:03 - [MESSAGE][PASSED] - Object: 'Object Repository/POS MALAYSIA - Rate Calculator Page/Calculate_button' is clicked on

2025-01-24 19:32:03 - [TEST_STEP][PASSED] - Thread.sleep(2000): null

2025-01-24 19:32:05 - [TEST_STEP][PASSED] - scrollToElement(findTestObject("Object Repository/POS MALAYSIA - Rate Calculator Page/Your Quote_label"), 0): Scroll to object 'Object Repository/POS MALAYSIA - Rate Calculator Page/Your Quote_label' successfully

2025-01-24 19:32:05 - [MESSAGE][WARNING] - Timeout '0' is invalid. Using default page load timeout: '30'

2025-01-24 19:32:05 - [MESSAGE][PASSED] - Scroll to object 'Object Repository/POS MALAYSIA - Rate Calculator Page/Your Quote_label' successfully

2025-01-24 19:32:05 - [TEST_STEP][PASSED] - Thread.sleep(2000): null

2025-01-24 19:32:07 - [TEST_STEP][PASSED] - verifyElementVisible(findTestObject("Object Repository/POS MALAYSIA - Rate Calculator Page/EMS_label")): Object 'Object Repository/POS MALAYSIA - Rate Calculator Page/EMS_label' is visible

2025-01-24 19:32:08 - [MESSAGE][PASSED] - Object 'Object Repository/POS MALAYSIA - Rate Calculator Page/EMS_label' is visible

2025-01-24 19:32:08 - [TEST_STEP][PASSED] - verifyElementVisible(findTestObject("Object Repository/POS MALAYSIA - Rate Calculator Page/International Air Parcel_label")): Object 'Object Repository/POS MALAYSIA - Rate Calculator Page/International Air Parcel_label' is visible

2025-01-24 19:32:08 - [MESSAGE][PASSED] - Object 'Object Repository/POS MALAYSIA - Rate Calculator Page/International Air Parcel_label' is visible

2025-01-24 19:32:08 - [TEST_STEP][PASSED] - verifyElementVisible(findTestObject("Object Repository/POS MALAYSIA - Rate Calculator Page/International Surface Parcel_label")): Object 'Object Repository/POS MALAYSIA - Rate Calculator Page/International Surface Parcel_label' is visible

2025-01-24 19:32:08 - [MESSAGE][PASSED] - Object 'Object Repository/POS MALAYSIA - Rate Calculator Page/International Surface Parcel_label' is visible

2025-01-24 19:32:08 - [TEST_STEP][PASSED] - closeBrowser(): Browser is closed

2025-01-24 19:32:09 - [MESSAGE][PASSED] - Browser is closed]]></system-out>
         <system-err><![CDATA[]]></system-err>
      </testcase>
      <system-out><![CDATA[2025-01-24 19:31:49 - [TEST_SUITE][PASSED] - Test Suite 1: Test Cases/TestAutomation]]></system-out>
      <system-err><![CDATA[]]></system-err>
   </testsuite>
</testsuites>
